<?xml version="1.0" encoding="UTF-8"?>
<!-- Generated by org.testng.reporters.JUnitReportReporter -->
<testsuite hostname="shivajighuge" failures="0" tests="1" name="com.saucedemo.TESTpack.TC2_VerifyLoginOutFunctionality" time="54.165" errors="0" timestamp="2023-03-06T11:44:01 IST" skipped="0">
  <testcase classname="com.saucedemo.TESTpack.TC2_VerifyLoginOutFunctionality" name="VerifyLoginOutFunctionality" time="54.165"/>
  <system-out/>
</testsuite> <!-- com.saucedemo.TESTpack.TC2_VerifyLoginOutFunctionality -->
