<?xml version="1.0" encoding="UTF-8"?>
<!-- Generated by org.testng.reporters.JUnitReportReporter -->
<testsuite hostname="shivajighuge" failures="0" tests="1" name="com.saucedemo.TESTpack.verifyAllProductProductAddToCartFunctionality" time="50.944" errors="0" timestamp="2023-03-06T11:44:01 IST" skipped="0">
  <testcase classname="com.saucedemo.TESTpack.verifyAllProductProductAddToCartFunctionality" name="verifyallproduct" time="50.944"/>
  <system-out/>
</testsuite> <!-- com.saucedemo.TESTpack.verifyAllProductProductAddToCartFunctionality -->
