<?xml version="1.0" encoding="UTF-8"?>
<!-- Generated by org.testng.reporters.JUnitReportReporter -->
<testsuite hostname="shivajighuge" failures="0" tests="1" name="com.saucedemo.TESTpack.TC01_VerifyLoginActivity" time="52.415" errors="0" timestamp="2023-03-06T11:44:01 IST" skipped="0">
  <testcase classname="com.saucedemo.TESTpack.TC01_VerifyLoginActivity" name="verifylogin" time="52.415"/>
  <system-out/>
</testsuite> <!-- com.saucedemo.TESTpack.TC01_VerifyLoginActivity -->
